[  1%] Built target turtlesim__cpp
[ 11%] Built target turtlesim__rosidl_generator_c
[ 11%] Built target ament_cmake_python_copy_turtlesim
/bin/sh: 1: /home/nazar/dev/ROS2/myenv/bin/python3: not found
gmake[2]: *** [CMakeFiles/ament_cmake_python_build_turtlesim_egg.dir/build.make:70: CMakeFiles/ament_cmake_python_build_turtlesim_egg] Error 127
gmake[1]: *** [CMakeFiles/Makefile2:455: CMakeFiles/ament_cmake_python_build_turtlesim_egg.dir/all] Error 2
gmake[1]: *** Waiting for unfinished jobs....
[ 21%] Built target turtlesim__rosidl_typesupport_introspection_c
[ 31%] Built target turtlesim__rosidl_typesupport_introspection_cpp
[ 41%] Built target turtlesim__rosidl_typesupport_cpp
[ 51%] Built target turtlesim__rosidl_typesupport_fastrtps_cpp
[ 61%] Built target turtlesim__rosidl_typesupport_c
[ 71%] Built target turtlesim__rosidl_typesupport_fastrtps_c
gmake: *** [Makefile:146: all] Error 2
