-- The C compiler identification is GNU 11.4.0
-- The CXX compiler identification is GNU 11.4.0
-- Detecting C compiler ABI info
-- Detecting C compiler ABI info - done
-- Check for working C compiler: /usr/bin/cc - skipped
-- Detecting C compile features
-- Detecting C compile features - done
-- Detecting CXX compiler ABI info
-- Detecting CXX compiler ABI info - done
-- Check for working CXX compiler: /usr/bin/c++ - skipped
-- Detecting CXX compile features
-- Detecting CXX compile features - done
-- Found ament_cmake: 1.3.10 (/opt/ros/humble/share/ament_cmake/cmake)
-- Found Python3: /home/nazar/dev/ROS2/ros2_env/bin/python3 (found version "3.12.5") found components: Interpreter 
Traceback (most recent call last):
  File "/opt/ros/humble/lib/python3.10/site-packages/ament_package/templates.py", line 19, in <module>
    import importlib.resources as importlib_resources
  File "/usr/lib/python3.12/importlib/resources/__init__.py", line 3, in <module>
    from ._common import (
  File "/usr/lib/python3.12/importlib/resources/_common.py", line 2, in <module>
    import pathlib
  File "/usr/lib/python3.12/pathlib.py", line 20, in <module>
    from urllib.parse import quote_from_bytes as urlquote_from_bytes
  File "/usr/lib/python3.12/urllib/parse.py", line 36, in <module>
    import math
ModuleNotFoundError: No module named 'math'

During handling of the above exception, another exception occurred:

Traceback (most recent call last):
  File "/opt/ros/humble/share/ament_cmake_core/cmake/package_templates/templates_2_cmake.py", line 21, in <module>
    from ament_package.templates import get_environment_hook_template_path
  File "/opt/ros/humble/lib/python3.10/site-packages/ament_package/templates.py", line 21, in <module>
    import importlib_resources
ModuleNotFoundError: No module named 'importlib_resources'
[31mCMake Error at /opt/ros/humble/share/ament_cmake_core/cmake/ament_cmake_package_templates-extras.cmake:41 (message):
  execute_process(/home/nazar/dev/ROS2/ros2_env/bin/python3
  /opt/ros/humble/share/ament_cmake_core/cmake/package_templates/templates_2_cmake.py
  /home/nazar/dev/ROS2/build/action_tutorials_interfaces/ament_cmake_package_templates/templates.cmake)
  returned error code 1
Call Stack (most recent call first):
  /opt/ros/humble/share/ament_cmake_core/cmake/ament_cmake_coreConfig.cmake:41 (include)
  /opt/ros/humble/share/ament_cmake/cmake/ament_cmake_export_dependencies-extras.cmake:15 (find_package)
  /opt/ros/humble/share/ament_cmake/cmake/ament_cmakeConfig.cmake:41 (include)
  CMakeLists.txt:9 (find_package)

[0m
-- Configuring incomplete, errors occurred!
See also "/home/nazar/dev/ROS2/build/action_tutorials_interfaces/CMakeFiles/CMakeOutput.log".
