[0.000000] (-) TimerEvent: {}
[0.000160] (-) JobUnselected: {'identifier': 'my-test-package'}
[0.000184] (-) JobUnselected: {'identifier': 'my-test-package'}
[0.000200] (-) JobUnselected: {'identifier': 'my-test-package'}
[0.000215] (-) JobUnselected: {'identifier': 'py_pubsub'}
[0.000230] (-) JobUnselected: {'identifier': 'turtlesim'}
[0.000246] (action_tutorials_interfaces) JobQueued: {'identifier': 'action_tutorials_interfaces', 'dependencies': OrderedDict()}
[0.000264] (action_tutorials_interfaces) JobStarted: {'identifier': 'action_tutorials_interfaces'}
[0.006464] (action_tutorials_interfaces) JobProgress: {'identifier': 'action_tutorials_interfaces', 'progress': 'cmake'}
[0.006681] (action_tutorials_interfaces) Command: {'cmd': ['/usr/bin/cmake', '/home/nazar/dev/ROS2/src/action_tutorials_interfaces', '-DCMAKE_INSTALL_PREFIX=/home/nazar/dev/ROS2/install/action_tutorials_interfaces'], 'cwd': '/home/nazar/dev/ROS2/build/action_tutorials_interfaces', 'env': OrderedDict([('LESSOPEN', '| /usr/bin/lesspipe %s'), ('LESS_TERMCAP_se', '\x1b[0m'), ('USER', 'nazar'), ('LESS_TERMCAP_ue', '\x1b[0m'), ('XDG_SESSION_TYPE', 'x11'), ('SHLVL', '2'), ('GREP_COLOR', '37;45'), ('LD_LIBRARY_PATH', '/opt/ros/humble/lib/x86_64-linux-gnu:/opt/ros/humble/lib'), ('HOME', '/home/nazar'), ('OLDPWD', '/home/nazar/dev/ROS2/src'), ('DESKTOP_SESSION', 'pop'), ('GNOME_SHELL_SESSION_MODE', 'pop'), ('HOMEBREW_PREFIX', '/home/linuxbrew/.linuxbrew'), ('GTK_MODULES', 'gail:atk-bridge'), ('ROS_PYTHON_VERSION', '3'), ('PS1', '(ros2_env) ${$((_p9k_on_expand()))+}%{${_p9k__raw_msg-}${_p9k__raw_msg::=}%}${(e)_p9k_t[7]}${_p9k__1-${${:-${_p9k__d::=0}${_p9k__rprompt::=${_p9k__1r-${${:-${_p9k__bg::=NONE}${_p9k__i::=0}${_p9k__sss::=${(Q)${:-"%\\\\{%\\\\}"}}}}+}${${:-${P9K_CONTENT::=}${_p9k__n::=}${${${_p9k__bg:-0}:#NONE}:-${_p9k__n::=8}}${_p9k__n:=${${(M)${:-x$_p9k__bg}:#x(|0)}:+10}}${_p9k__n:=11}${_p9k__c::="${P9K_CONTENT}"}${_p9k__c::=${_p9k__c//\n}}${_p9k__e::=${${_p9k__1r:+00}:-${${(%):-$_p9k__c%1(l.1.0)}[-1]}0}}}+}${${_p9k__e:#00}:+${_p9k_t[$_p9k__n]/<_p9k__w>/$_p9k__w}${_p9k__c}%b%k%f${${:-${_p9k__w::=%b%k%f}${_p9k__sss::=%b%k%f}${_p9k__i::=1}${_p9k__bg::=}}+}}${${:-"${${(%):-%j}:#0}"}:+${${:-${P9K_CONTENT::=""}${_p9k__n::=}${${${_p9k__bg:-0}:#NONE}:-${_p9k__n::=12}}${_p9k__n:=${${(M)${:-x$_p9k__bg}:#x(|0)}:+14}}${_p9k__n:=15}${_p9k__v::=\uf013}${_p9k__c::="${P9K_CONTENT}"}${_p9k__c::=${_p9k__c//\n}}${_p9k__e::=${${_p9k__1rbackground_jobs+00}:-${${(%):-$_p9k__c%1(l.1.0)}[-1]}1}}}+}${${_p9k__e:#00}:+${_p9k_t[$_p9k__n]/<_p9k__w>/$_p9k__w}${_p9k__v}${${(M)_p9k__e:#11}:+ }${_p9k__c}%b%k%F{070\\}${${:-${_p9k__w::=%b%k%F{070\\}}${_p9k__sss::=%b%k%F{070\\}}${_p9k__i::=3}${_p9k__bg::=}}+}}}${${:-"${${(%):-%#}:#\\#}"}:+${${:-${P9K_CONTENT::=%n@%m}${_p9k__n::=}${${${_p9k__bg:-0}:#NONE}:-${_p9k__n::=16}}${_p9k__n:=${${(M)${:-x$_p9k__bg}:#x(|0)}:+18}}${_p9k__n:=19}${_p9k__c::=}${_p9k__c::=${_p9k__c//\n}}${_p9k__e::=${${_p9k__1rcontext+00}:-${${(%):-$_p9k__c%1(l.1.0)}[-1]}0}}}+}${${_p9k__e:#00}:+${_p9k_t[$_p9k__n]/<_p9k__w>/$_p9k__w}${_p9k__c}%b%k%F{180\\}${${:-${_p9k__w::=%b%k%F{180\\}}${_p9k__sss::=%b%k%F{180\\}}${_p9k__i::=31}${_p9k__bg::=}}+}}}${${:-"${${(%):-%#}:#\\%}"}:+${${:-${P9K_CONTENT::=%B%n@%m}${_p9k__n::=}${${${_p9k__bg:-0}:#NONE}:-${_p9k__n::=20}}${_p9k__n:=${${(M)${:-x$_p9k__bg}:#x(|0)}:+22}}${_p9k__n:=23}${_p9k__c::="${P9K_CONTENT}"}${_p9k__c::=${_p9k__c//\n}}${_p9k__e::=${${_p9k__1rcontext+00}:-${${(%):-$_p9k__c%1(l.1.0)}[-1]}0}}}+}${${_p9k__e:#00}:+${_p9k_t[$_p9k__n]/<_p9k__w>/$_p9k__w}${_p9k__c}%b%k%F{178\\}${${:-${_p9k__w::=%b%k%F{178\\}}${_p9k__sss::=%b%k%F{178\\}}${_p9k__i::=31}${_p9k__bg::=}}+}}}${${:-${P9K_CONTENT::=20:16:35}${_p9k__n::=}${${${_p9k__bg:-0}:#NONE}:-${_p9k__n::=24}}${_p9k__n:=${${(M)${:-x$_p9k__bg}:#x(|0)}:+26}}${_p9k__n:=27}${_p9k__v::=\uf017}${_p9k__c::="${P9K_CONTENT}"}${_p9k__c::=${_p9k__c//\n}}${_p9k__e::=${${_p9k__1rtime+00}:-${${(%):-$_p9k__c%1(l.1.0)}[-1]}1}}}+}${${_p9k__e:#00}:+${_p9k_t[$_p9k__n]/<_p9k__w>/$_p9k__w}${_p9k__v}${${(M)_p9k__e:#11}:+ }${_p9k__c}%b%k%F{066\\}${${:-${_p9k__w::=%b%k%F{066\\}}${_p9k__sss::=%b%k%F{066\\}}${_p9k__i::=43}${_p9k__bg::=}}+}}$_p9k__sss%b%k%f}}${_p9k__lprompt::=${_p9k__1l-${${:-${_p9k__bg::=NONE}${_p9k__i::=0}${_p9k__sss::=%f }}+}${${:-${P9K_CONTENT::=\uf17c}${_p9k__n::=}${${${_p9k__bg:-0}:#NONE}:-${_p9k__n::=28}}${_p9k__n:=${${(M)${:-x}:#x($_p9k__bg|${_p9k__bg:-0})}:+30}}${_p9k__n:=31}${_p9k__c::="${P9K_CONTENT}"}${_p9k__c::=${_p9k__c//\n}}${_p9k__e::=${${_p9k__1los_icon+00}:-${${(%):-$_p9k__c%1(l.1.0)}[-1]}0}}}+}${${_p9k__e:#00}:+${${_p9k_t[$_p9k__n]/<_p9k__ss>/$_p9k__ss}/<_p9k__s>/$_p9k__s}${_p9k__c}%b%k%f${${:-${_p9k__s::=%F{\\}}${_p9k__ss::= }${_p9k__sss::=%F{\\} }${_p9k__i::=1}${_p9k__bg::=}}+}}${${:-${P9K_CONTENT::="%{d%}${:-"%B%F{039}"}${(Q)${:-"\\\\~"}}${:-"%b%k%F{031}"}/dev/${:-"%B%F{039}"}ROS2${:-"%b%k%F{031}"}%{d%}"}${_p9k__n::=}${${${_p9k__bg:-0}:#NONE}:-${_p9k__n::=84}}${_p9k__n:=${${(M)${:-x}:#x($_p9k__bg|${_p9k__bg:-0})}:+86}}${_p9k__n:=87}${_p9k__v::=\uf07c}${_p9k__c::="${P9K_CONTENT}"}${_p9k__c::=${_p9k__c//\n}}${_p9k__e::=${${_p9k__1ldir+00}:-${${(%):-$_p9k__c%1(l.1.0)}[-1]}1}}}+}${${_p9k__e:#00}:+${${_p9k_t[$_p9k__n]/<_p9k__ss>/$_p9k__ss}/<_p9k__s>/$_p9k__s}${_p9k__v}${${(M)_p9k__e:#11}:+ }${_p9k__c}%b%k%F{031\\}${${:-${_p9k__s::=%F{\\}}${_p9k__ss::= }${_p9k__sss::=%F{\\} }${_p9k__i::=2}${_p9k__bg::=}}+}}${(e)_p9k__vcs}%b%k$_p9k__sss%b%k%f}}}+}${(e)_p9k_t[6]}${${_p9k__h::=0}+}${${_p9k__d::=$((_p9k__m-_p9k__h))}+}${_p9k__lprompt/\\%\\{d\\%\\}*\\%\\{d\\%\\}/${_p9k__1ldir-${:-"%B%F{039}"}${(Q)${:-"\\\\~"}}${:-"%b%k%F{031}"}/dev/${:-"%B%F{039}"}ROS2${:-"%b%k%F{031}"}}}${${_p9k__m::=$((_p9k__d+_p9k__h))}+}${${_p9k__g+\n}:-${:-"%F{240}"}${${${_p9k__m:#-*}:+${${_p9k__1g+${(pl.$((_p9k__m+1)).. .)}}:-${(pl.$((_p9k__m+1))..·.)}}$_p9k__rprompt${_p9k_t[$((1+!_p9k__ind))]}}:-\n}%b%k%f}}${_p9k__2-${_p9k__2l-${${:-${_p9k__bg::=NONE}${_p9k__i::=0}${_p9k__sss::=%f }}+}${${:-"${${:-$_p9k__keymap.$_p9k__zle_state}:#(vicmd.*|vivis.*|vivli.*|*.*overwrite*)}"}:+${${:-${P9K_CONTENT::=❯}${_p9k__n::=}${${${_p9k__bg:-0}:#NONE}:-${_p9k__n::=36}}${_p9k__n:=${${(M)${:-x}:#x($_p9k__bg|${_p9k__bg:-0})}:+38}}${_p9k__n:=39}${_p9k__c::="❯"}${_p9k__c::=${_p9k__c//\n}}${_p9k__e::=${${_p9k__2lprompt_char+00}:-${${(%):-$_p9k__c%1(l.1.0)}[-1]}0}}}+}${${_p9k__e:#00}:+${${_p9k_t[$_p9k__n]/<_p9k__ss>/$_p9k__ss}/<_p9k__s>/$_p9k__s}${_p9k__c}%b%k%F{076\\}${${:-${_p9k__s::=%F{\\}}${_p9k__ss::= }${_p9k__sss::=%F{\\}}${_p9k__i::=4}${_p9k__bg::=}}+}}}${${:-"${${:-$_p9k__keymap.$_p9k__zle_state}:#(vicmd.*|vivis.*|vivli.*|*.*insert*)}"}:+${${:-${P9K_CONTENT::=▶}${_p9k__n::=}${${${_p9k__bg:-0}:#NONE}:-${_p9k__n::=40}}${_p9k__n:=${${(M)${:-x}:#x($_p9k__bg|${_p9k__bg:-0})}:+42}}${_p9k__n:=43}${_p9k__c::="▶"}${_p9k__c::=${_p9k__c//\n}}${_p9k__e::=${${_p9k__2lprompt_char+00}:-${${(%):-$_p9k__c%1(l.1.0)}[-1]}0}}}+}${${_p9k__e:#00}:+${${_p9k_t[$_p9k__n]/<_p9k__ss>/$_p9k__ss}/<_p9k__s>/$_p9k__s}${_p9k__c}%b%k%F{076\\}${${:-${_p9k__s::=%F{\\}}${_p9k__ss::= }${_p9k__sss::=%F{\\}}${_p9k__i::=4}${_p9k__bg::=}}+}}}${${:-"${(M)${:-$_p9k__keymap$_p9k__region_active}:#vicmd0}"}:+${${:-${P9K_CONTENT::=❮}${_p9k__n::=}${${${_p9k__bg:-0}:#NONE}:-${_p9k__n::=44}}${_p9k__n:=${${(M)${:-x}:#x($_p9k__bg|${_p9k__bg:-0})}:+46}}${_p9k__n:=47}${_p9k__c::="❮"}${_p9k__c::=${_p9k__c//\n}}${_p9k__e::=${${_p9k__2lprompt_char+00}:-${${(%):-$_p9k__c%1(l.1.0)}[-1]}0}}}+}${${_p9k__e:#00}:+${${_p9k_t[$_p9k__n]/<_p9k__ss>/$_p9k__ss}/<_p9k__s>/$_p9k__s}${_p9k__c}%b%k%F{076\\}${${:-${_p9k__s::=%F{\\}}${_p9k__ss::= }${_p9k__sss::=%F{\\}}${_p9k__i::=4}${_p9k__bg::=}}+}}}${${:-"${(M)${:-$_p9k__keymap$_p9k__region_active}:#(vicmd1|vivis?|vivli?)}"}:+${${:-${P9K_CONTENT::=Ⅴ}${_p9k__n::=}${${${_p9k__bg:-0}:#NONE}:-${_p9k__n::=48}}${_p9k__n:=${${(M)${:-x}:#x($_p9k__bg|${_p9k__bg:-0})}:+50}}${_p9k__n:=51}${_p9k__c::="V"}${_p9k__c::=${_p9k__c//\n}}${_p9k__e::=${${_p9k__2lprompt_char+00}:-${${(%):-$_p9k__c%1(l.1.0)}[-1]}0}}}+}${${_p9k__e:#00}:+${${_p9k_t[$_p9k__n]/<_p9k__ss>/$_p9k__ss}/<_p9k__s>/$_p9k__s}${_p9k__c}%b%k%F{076\\}${${:-${_p9k__s::=%F{\\}}${_p9k__ss::= }${_p9k__sss::=%F{\\}}${_p9k__i::=4}${_p9k__bg::=}}+}}}%b%k$_p9k__sss%b%k%f${:-" %b%k%f"}}}${${COLUMNS::=$_p9k__clm}+}'), ('LESS_TERMCAP_so', '\x1b[00;47;30m'), ('GREP_COLORS', 'mt=37;45'), ('SYSTEMD_EXEC_PID', '3154'), ('DBUS_SESSION_BUS_ADDRESS', 'unix:path=/run/user/1000/bus'), ('P9K_TTY', 'old'), ('COLORTERM', 'truecolor'), ('INFOPATH', '/home/linuxbrew/.linuxbrew/share/info:'), ('ROS_DISTRO', 'humble'), ('GTK_IM_MODULE', 'ibus'), ('LOGNAME', 'nazar'), ('_', '/home/nazar/.local/bin/colcon'), ('LESS_TERMCAP_us', '\x1b[01;32m'), ('_P9K_SSH_TTY', '/dev/pts/2'), ('XDG_SESSION_CLASS', 'user'), ('ROS_VERSION', '2'), ('USERNAME', 'nazar'), ('TERM', 'xterm-256color'), ('GNOME_DESKTOP_SESSION_ID', 'this-is-deprecated'), ('RBENV_SHELL', 'bash'), ('ROS_LOCALHOST_ONLY', '0'), ('WINDOWPATH', '2'), ('PATH', '/home/nazar/dev/ROS2/ros2_env/bin:/opt/ros/humble/bin:/home/nazar/.rbenv/shims:/home/linuxbrew/.linuxbrew/bin:/home/linuxbrew/.linuxbrew/sbin:/home/nazar/.local/bin:/usr/local/sbin:/usr/local/bin:/usr/sbin:/usr/bin:/sbin:/bin:/usr/games:/usr/local/games:/snap/bin:/snap/bin'), ('SESSION_MANAGER', 'local/pop-os:@/tmp/.ICE-unix/2931,unix/pop-os:/tmp/.ICE-unix/2931'), ('HOMEBREW_CELLAR', '/home/linuxbrew/.linuxbrew/Cellar'), ('XDG_MENU_PREFIX', 'gnome-'), ('GNOME_TERMINAL_SCREEN', '/org/gnome/Terminal/screen/4441d779_5a8d_413e_9bf1_01aa18eaa185'), ('XDG_RUNTIME_DIR', '/run/user/1000'), ('DISPLAY', ':1'), ('LANG', 'en_US.UTF-8'), ('XDG_CURRENT_DESKTOP', 'pop:GNOME'), ('VIRTUAL_ENV_PROMPT', '(ros2_env)'), ('XMODIFIERS', '@im=ibus'), ('XDG_SESSION_DESKTOP', 'pop'), ('XAUTHORITY', '/run/user/1000/gdm/Xauthority'), ('LS_COLORS', 'rs=0:di=01;34:ln=01;36:mh=00:pi=40;33:so=01;35:do=01;35:bd=40;33;01:cd=40;33;01:or=40;31;01:mi=00:su=37;41:sg=30;43:ca=30;41:tw=30;42:ow=34;42:st=37;44:ex=01;32:*.tar=01;31:*.tgz=01;31:*.arc=01;31:*.arj=01;31:*.taz=01;31:*.lha=01;31:*.lz4=01;31:*.lzh=01;31:*.lzma=01;31:*.tlz=01;31:*.txz=01;31:*.tzo=01;31:*.t7z=01;31:*.zip=01;31:*.z=01;31:*.dz=01;31:*.gz=01;31:*.lrz=01;31:*.lz=01;31:*.lzo=01;31:*.xz=01;31:*.zst=01;31:*.tzst=01;31:*.bz2=01;31:*.bz=01;31:*.tbz=01;31:*.tbz2=01;31:*.tz=01;31:*.deb=01;31:*.rpm=01;31:*.jar=01;31:*.war=01;31:*.ear=01;31:*.sar=01;31:*.rar=01;31:*.alz=01;31:*.ace=01;31:*.zoo=01;31:*.cpio=01;31:*.7z=01;31:*.rz=01;31:*.cab=01;31:*.wim=01;31:*.swm=01;31:*.dwm=01;31:*.esd=01;31:*.jpg=01;35:*.jpeg=01;35:*.mjpg=01;35:*.mjpeg=01;35:*.gif=01;35:*.bmp=01;35:*.pbm=01;35:*.pgm=01;35:*.ppm=01;35:*.tga=01;35:*.xbm=01;35:*.xpm=01;35:*.tif=01;35:*.tiff=01;35:*.png=01;35:*.svg=01;35:*.svgz=01;35:*.mng=01;35:*.pcx=01;35:*.mov=01;35:*.mpg=01;35:*.mpeg=01;35:*.m2v=01;35:*.mkv=01;35:*.webm=01;35:*.webp=01;35:*.ogm=01;35:*.mp4=01;35:*.m4v=01;35:*.mp4v=01;35:*.vob=01;35:*.qt=01;35:*.nuv=01;35:*.wmv=01;35:*.asf=01;35:*.rm=01;35:*.rmvb=01;35:*.flc=01;35:*.avi=01;35:*.fli=01;35:*.flv=01;35:*.gl=01;35:*.dl=01;35:*.xcf=01;35:*.xwd=01;35:*.yuv=01;35:*.cgm=01;35:*.emf=01;35:*.ogv=01;35:*.ogx=01;35:*.aac=00;36:*.au=00;36:*.flac=00;36:*.m4a=00;36:*.mid=00;36:*.midi=00;36:*.mka=00;36:*.mp3=00;36:*.mpc=00;36:*.ogg=00;36:*.ra=00;36:*.wav=00;36:*.oga=00;36:*.opus=00;36:*.spx=00;36:*.xspf=00;36:'), ('GNOME_TERMINAL_SERVICE', ':1.98'), ('SSH_AGENT_LAUNCHER', 'gnome-keyring'), ('SSH_AUTH_SOCK', '/run/user/1000/keyring/ssh'), ('AMENT_PREFIX_PATH', '/opt/ros/humble'), ('SHELL', '/bin/bash'), ('QT_ACCESSIBILITY', '1'), ('GDMSESSION', 'pop'), ('LESSCLOSE', '/usr/bin/lesspipe %s %s'), ('LESS_TERMCAP_mb', '\x1b[01;31m'), ('GPG_AGENT_INFO', '/run/user/1000/gnupg/S.gpg-agent:0:1'), ('P9K_SSH', '0'), ('QT_IM_MODULE', 'ibus'), ('LESS_TERMCAP_md', '\x1b[01;31m'), ('VIRTUAL_ENV', '/home/nazar/dev/ROS2/ros2_env'), ('PWD', '/home/nazar/dev/ROS2/build/action_tutorials_interfaces'), ('LC_ALL', 'en_US.UTF-8'), ('LESS_TERMCAP_me', '\x1b[0m'), ('XDG_CONFIG_DIRS', '/etc/xdg/xdg-pop:/etc/xdg'), ('XDG_DATA_DIRS', '/usr/share/pop:/usr/share/gnome:/home/nazar/.local/share/flatpak/exports/share:/var/lib/flatpak/exports/share:/usr/local/share/:/usr/share/:/var/lib/snapd/desktop'), ('_P9K_TTY', '/dev/pts/2'), ('DATABASE_PASSWORD', '<role_password>'), ('HOMEBREW_REPOSITORY', '/home/linuxbrew/.linuxbrew/Homebrew'), ('PYTHONPATH', '/opt/ros/humble/lib/python3.10/site-packages:/opt/ros/humble/local/lib/python3.10/dist-packages'), ('COLCON', '1'), ('VTE_VERSION', '6800'), ('CMAKE_PREFIX_PATH', '/opt/ros/humble')]), 'shell': False}
[0.055481] (action_tutorials_interfaces) StdoutLine: {'line': b'-- The C compiler identification is GNU 11.4.0\n'}
[0.099397] (-) TimerEvent: {}
[0.106343] (action_tutorials_interfaces) StdoutLine: {'line': b'-- The CXX compiler identification is GNU 11.4.0\n'}
[0.112655] (action_tutorials_interfaces) StdoutLine: {'line': b'-- Detecting C compiler ABI info\n'}
[0.170509] (action_tutorials_interfaces) StdoutLine: {'line': b'-- Detecting C compiler ABI info - done\n'}
[0.177094] (action_tutorials_interfaces) StdoutLine: {'line': b'-- Check for working C compiler: /usr/bin/cc - skipped\n'}
[0.177317] (action_tutorials_interfaces) StdoutLine: {'line': b'-- Detecting C compile features\n'}
[0.177658] (action_tutorials_interfaces) StdoutLine: {'line': b'-- Detecting C compile features - done\n'}
[0.180296] (action_tutorials_interfaces) StdoutLine: {'line': b'-- Detecting CXX compiler ABI info\n'}
[0.199509] (-) TimerEvent: {}
[0.247040] (action_tutorials_interfaces) StdoutLine: {'line': b'-- Detecting CXX compiler ABI info - done\n'}
[0.254114] (action_tutorials_interfaces) StdoutLine: {'line': b'-- Check for working CXX compiler: /usr/bin/c++ - skipped\n'}
[0.254391] (action_tutorials_interfaces) StdoutLine: {'line': b'-- Detecting CXX compile features\n'}
[0.254736] (action_tutorials_interfaces) StdoutLine: {'line': b'-- Detecting CXX compile features - done\n'}
[0.256355] (action_tutorials_interfaces) StdoutLine: {'line': b'-- Found ament_cmake: 1.3.10 (/opt/ros/humble/share/ament_cmake/cmake)\n'}
[0.299604] (-) TimerEvent: {}
[0.366938] (action_tutorials_interfaces) StdoutLine: {'line': b'-- Found Python3: /home/nazar/dev/ROS2/ros2_env/bin/python3 (found version "3.12.5") found components: Interpreter \n'}
[0.397769] (action_tutorials_interfaces) StderrLine: {'line': b'Traceback (most recent call last):\n'}
[0.397971] (action_tutorials_interfaces) StderrLine: {'line': b'  File "/opt/ros/humble/lib/python3.10/site-packages/ament_package/templates.py", line 19, in <module>\n'}
[0.398081] (action_tutorials_interfaces) StderrLine: {'line': b'    import importlib.resources as importlib_resources\n'}
[0.398217] (action_tutorials_interfaces) StderrLine: {'line': b'  File "/usr/lib/python3.12/importlib/resources/__init__.py", line 3, in <module>\n'}
[0.398319] (action_tutorials_interfaces) StderrLine: {'line': b'    from ._common import (\n'}
[0.398485] (action_tutorials_interfaces) StderrLine: {'line': b'  File "/usr/lib/python3.12/importlib/resources/_common.py", line 2, in <module>\n'}
[0.398577] (action_tutorials_interfaces) StderrLine: {'line': b'    import pathlib\n'}
[0.398683] (action_tutorials_interfaces) StderrLine: {'line': b'  File "/usr/lib/python3.12/pathlib.py", line 20, in <module>\n'}
[0.398841] (action_tutorials_interfaces) StderrLine: {'line': b'    from urllib.parse import quote_from_bytes as urlquote_from_bytes\n'}
[0.398999] (action_tutorials_interfaces) StderrLine: {'line': b'  File "/usr/lib/python3.12/urllib/parse.py", line 36, in <module>\n'}
[0.399095] (action_tutorials_interfaces) StderrLine: {'line': b'    import math\n'}
[0.399188] (action_tutorials_interfaces) StderrLine: {'line': b"ModuleNotFoundError: No module named 'math'\n"}
[0.399281] (action_tutorials_interfaces) StderrLine: {'line': b'\n'}
[0.399373] (action_tutorials_interfaces) StderrLine: {'line': b'During handling of the above exception, another exception occurred:\n'}
[0.399468] (action_tutorials_interfaces) StderrLine: {'line': b'\n'}
[0.399561] (action_tutorials_interfaces) StderrLine: {'line': b'Traceback (most recent call last):\n'}
[0.399652] (-) TimerEvent: {}
[0.399767] (action_tutorials_interfaces) StderrLine: {'line': b'  File "/opt/ros/humble/share/ament_cmake_core/cmake/package_templates/templates_2_cmake.py", line 21, in <module>\n'}
[0.399878] (action_tutorials_interfaces) StderrLine: {'line': b'    from ament_package.templates import get_environment_hook_template_path\n'}
[0.399991] (action_tutorials_interfaces) StderrLine: {'line': b'  File "/opt/ros/humble/lib/python3.10/site-packages/ament_package/templates.py", line 21, in <module>\n'}
[0.400084] (action_tutorials_interfaces) StderrLine: {'line': b'    import importlib_resources\n'}
[0.400179] (action_tutorials_interfaces) StderrLine: {'line': b"ModuleNotFoundError: No module named 'importlib_resources'\n"}
[0.404525] (action_tutorials_interfaces) StderrLine: {'line': b'\x1b[31mCMake Error at /opt/ros/humble/share/ament_cmake_core/cmake/ament_cmake_package_templates-extras.cmake:41 (message):\n'}
[0.404619] (action_tutorials_interfaces) StderrLine: {'line': b'  execute_process(/home/nazar/dev/ROS2/ros2_env/bin/python3\n'}
[0.404676] (action_tutorials_interfaces) StderrLine: {'line': b'  /opt/ros/humble/share/ament_cmake_core/cmake/package_templates/templates_2_cmake.py\n'}
[0.404727] (action_tutorials_interfaces) StderrLine: {'line': b'  /home/nazar/dev/ROS2/build/action_tutorials_interfaces/ament_cmake_package_templates/templates.cmake)\n'}
[0.404777] (action_tutorials_interfaces) StderrLine: {'line': b'  returned error code 1\n'}
[0.404830] (action_tutorials_interfaces) StderrLine: {'line': b'Call Stack (most recent call first):\n'}
[0.404899] (action_tutorials_interfaces) StderrLine: {'line': b'  /opt/ros/humble/share/ament_cmake_core/cmake/ament_cmake_coreConfig.cmake:41 (include)\n'}
[0.404950] (action_tutorials_interfaces) StderrLine: {'line': b'  /opt/ros/humble/share/ament_cmake/cmake/ament_cmake_export_dependencies-extras.cmake:15 (find_package)\n'}
[0.405093] (action_tutorials_interfaces) StderrLine: {'line': b'  /opt/ros/humble/share/ament_cmake/cmake/ament_cmakeConfig.cmake:41 (include)\n'}
[0.405160] (action_tutorials_interfaces) StderrLine: {'line': b'  CMakeLists.txt:9 (find_package)\n'}
[0.405213] (action_tutorials_interfaces) StderrLine: {'line': b'\n'}
[0.405263] (action_tutorials_interfaces) StderrLine: {'line': b'\x1b[0m\n'}
[0.405311] (action_tutorials_interfaces) StdoutLine: {'line': b'-- Configuring incomplete, errors occurred!\n'}
[0.405367] (action_tutorials_interfaces) StdoutLine: {'line': b'See also "/home/nazar/dev/ROS2/build/action_tutorials_interfaces/CMakeFiles/CMakeOutput.log".\n'}
[0.408589] (action_tutorials_interfaces) CommandEnded: {'returncode': 1}
[0.426184] (action_tutorials_interfaces) JobEnded: {'identifier': 'action_tutorials_interfaces', 'rc': 1}
[0.436740] (-) EventReactorShutdown: {}
